<?xml version="1.0" encoding="UTF-8"?>
<testng-results ignored="0" total="2" passed="1" failed="1" skipped="0">
  <reporter-output>
    <line>
      <![CDATA[Initialize browser and navigate to home page.]]>
    </line>
    <line>
      <![CDATA[Perform test execution.]]>
    </line>
    <line>
      <![CDATA[Finish execution and clean up instances.]]>
    </line>
    <line>
      <![CDATA[Initialize browser and navigate to home page.]]>
    </line>
    <line>
      <![CDATA[Perform string validation.]]>
    </line>
    <line>
      <![CDATA[Tet found as expected.]]>
    </line>
    <line>
      <![CDATA[Finish execution and clean up instances.]]>
    </line>
  </reporter-output>
  <suite started-at="2020-02-16T23:27:01 EST" name="Default suite" finished-at="2020-02-16T23:27:09 EST" duration-ms="8446">
    <groups>
    </groups>
    <test started-at="2020-02-16T23:27:01 EST" name="Default test" finished-at="2020-02-16T23:27:09 EST" duration-ms="8446">
      <class name="com.mouna.edurekaUATtest.edurekaUATtest.edurekaFinalSmoke">
        <test-method is-config="true" signature="executionSetup()[pri:0, instance:com.mouna.edurekaUATtest.edurekaUATtest.edurekaFinalSmoke@25b485ba]" started-at="2020-02-16T23:27:01 EST" name="executionSetup" finished-at="2020-02-16T23:27:04 EST" duration-ms="2899" status="PASS">
          <reporter-output>
            <line>
              <![CDATA[Initialize browser and navigate to home page.]]>
            </line>
          </reporter-output>
        </test-method> <!-- executionSetup -->
        <test-method signature="validatePageTitle()[pri:0, instance:com.mouna.edurekaUATtest.edurekaUATtest.edurekaFinalSmoke@25b485ba]" started-at="2020-02-16T23:27:04 EST" name="validatePageTitle" finished-at="2020-02-16T23:27:04 EST" duration-ms="21" status="FAIL">
          <exception class="java.lang.AssertionError">
            <message>
              <![CDATA[expected [Failure Intended] but found [Welcome: Mercury Tours]]]>
            </message>
            <full-stacktrace>
              <![CDATA[java.lang.AssertionError: expected [Failure Intended] but found [Welcome: Mercury Tours]
at org.testng.Assert.fail(Assert.java:97)
at org.testng.Assert.assertEqualsImpl(Assert.java:136)
at org.testng.Assert.assertEquals(Assert.java:118)
at org.testng.Assert.assertEquals(Assert.java:575)
at org.testng.Assert.assertEquals(Assert.java:585)
at com.mouna.edurekaUATtest.edurekaUATtest.edurekaFinalSmoke.validatePageTitle(edurekaFinalSmoke.java:30)
at java.base/jdk.internal.reflect.NativeMethodAccessorImpl.invoke0(Native Method)
at java.base/jdk.internal.reflect.NativeMethodAccessorImpl.invoke(NativeMethodAccessorImpl.java:62)
at java.base/jdk.internal.reflect.DelegatingMethodAccessorImpl.invoke(DelegatingMethodAccessorImpl.java:43)
at java.base/java.lang.reflect.Method.invoke(Method.java:567)
at org.testng.internal.MethodInvocationHelper.invokeMethod(MethodInvocationHelper.java:133)
at org.testng.internal.TestInvoker.invokeMethod(TestInvoker.java:584)
at org.testng.internal.TestInvoker.invokeTestMethod(TestInvoker.java:172)
at org.testng.internal.MethodRunner.runInSequence(MethodRunner.java:46)
at org.testng.internal.TestInvoker$MethodInvocationAgent.invoke(TestInvoker.java:804)
at org.testng.internal.TestInvoker.invokeTestMethods(TestInvoker.java:145)
at org.testng.internal.TestMethodWorker.invokeTestMethods(TestMethodWorker.java:146)
at org.testng.internal.TestMethodWorker.run(TestMethodWorker.java:128)
at java.base/java.util.ArrayList.forEach(ArrayList.java:1540)
at org.testng.TestRunner.privateRun(TestRunner.java:770)
at org.testng.TestRunner.run(TestRunner.java:591)
at org.testng.SuiteRunner.runTest(SuiteRunner.java:402)
at org.testng.SuiteRunner.runSequentially(SuiteRunner.java:396)
at org.testng.SuiteRunner.privateRun(SuiteRunner.java:355)
at org.testng.SuiteRunner.run(SuiteRunner.java:304)
at org.testng.SuiteRunnerWorker.runSuite(SuiteRunnerWorker.java:53)
at org.testng.SuiteRunnerWorker.run(SuiteRunnerWorker.java:96)
at org.testng.TestNG.runSuitesSequentially(TestNG.java:1180)
at org.testng.TestNG.runSuitesLocally(TestNG.java:1102)
at org.testng.TestNG.runSuites(TestNG.java:1032)
at org.testng.TestNG.run(TestNG.java:1000)
at org.testng.remote.AbstractRemoteTestNG.run(AbstractRemoteTestNG.java:115)
at org.testng.remote.RemoteTestNG.initAndRun(RemoteTestNG.java:251)
at org.testng.remote.RemoteTestNG.main(RemoteTestNG.java:77)
]]>
            </full-stacktrace>
          </exception> <!-- java.lang.AssertionError -->
          <reporter-output>
            <line>
              <![CDATA[Perform test execution.]]>
            </line>
          </reporter-output>
        </test-method> <!-- validatePageTitle -->
        <test-method is-config="true" signature="executionCleanup()[pri:0, instance:com.mouna.edurekaUATtest.edurekaUATtest.edurekaFinalSmoke@25b485ba]" started-at="2020-02-16T23:27:04 EST" name="executionCleanup" finished-at="2020-02-16T23:27:04 EST" duration-ms="124" status="PASS">
          <reporter-output>
            <line>
              <![CDATA[Finish execution and clean up instances.]]>
            </line>
          </reporter-output>
        </test-method> <!-- executionCleanup -->
        <test-method is-config="true" signature="executionSetup()[pri:0, instance:com.mouna.edurekaUATtest.edurekaUATtest.edurekaFinalSmoke@25b485ba]" started-at="2020-02-16T23:27:04 EST" name="executionSetup" finished-at="2020-02-16T23:27:06 EST" duration-ms="2148" status="PASS">
          <reporter-output>
            <line>
              <![CDATA[Initialize browser and navigate to home page.]]>
            </line>
          </reporter-output>
        </test-method> <!-- executionSetup -->
        <test-method signature="validateStringPresent()[pri:0, instance:com.mouna.edurekaUATtest.edurekaUATtest.edurekaFinalSmoke@25b485ba]" started-at="2020-02-16T23:27:06 EST" name="validateStringPresent" finished-at="2020-02-16T23:27:09 EST" duration-ms="3036" status="PASS">
          <reporter-output>
            <line>
              <![CDATA[Perform string validation.]]>
            </line>
            <line>
              <![CDATA[Tet found as expected.]]>
            </line>
          </reporter-output>
        </test-method> <!-- validateStringPresent -->
        <test-method is-config="true" signature="executionCleanup()[pri:0, instance:com.mouna.edurekaUATtest.edurekaUATtest.edurekaFinalSmoke@25b485ba]" started-at="2020-02-16T23:27:09 EST" name="executionCleanup" finished-at="2020-02-16T23:27:09 EST" duration-ms="161" status="PASS">
          <reporter-output>
            <line>
              <![CDATA[Finish execution and clean up instances.]]>
            </line>
          </reporter-output>
        </test-method> <!-- executionCleanup -->
      </class> <!-- com.mouna.edurekaUATtest.edurekaUATtest.edurekaFinalSmoke -->
    </test> <!-- Default test -->
  </suite> <!-- Default suite -->
</testng-results>
